[2026-06-03 01:25:50.735] [I] [RENDERX] ------------------------------------------------------
[2026-06-03 01:25:50.735] [I] [RENDERX] Device [0]: Intel(R) UHD Graphics 770
[2026-06-03 01:25:50.735] [I] [RENDERX] ------------------------------------------------------
[2026-06-03 01:25:50.735] [I] [RENDERX]   Type: Integrated GPU
[2026-06-03 01:25:50.735] [I] [RENDERX]   Vendor: Intel
[2026-06-03 01:25:50.735] [I] [RENDERX]   API Version: 1.4.323
[2026-06-03 01:25:50.735] [I] [RENDERX]   Driver Version: 1661810
[2026-06-03 01:25:50.735] [I] [RENDERX]   VRAM: 8045 MB
[2026-06-03 01:25:50.735] [I] [RENDERX]   Queue Families:
[2026-06-03 01:25:50.735] [I] [RENDERX]     [0] Count: 1, Flags: Graphics Compute Transfer SparseBinding Present 
[2026-06-03 01:25:50.735] [I] [RENDERX]     [1] Count: 2, Flags: 
[2026-06-03 01:25:50.735] [I] [RENDERX]   Features:
[2026-06-03 01:25:50.735] [I] [RENDERX]     Geometry Shader: Yes
[2026-06-03 01:25:50.735] [I] [RENDERX]     Tessellation Shader: Yes
[2026-06-03 01:25:50.735] [I] [RENDERX]     Multi-Viewport: Yes
[2026-06-03 01:25:50.735] [I] [RENDERX]     Sampler Anisotropy: Yes
[2026-06-03 01:25:50.735] [I] [RENDERX]     Texture Compression BC: Yes
[2026-06-03 01:25:50.735] [I] [RENDERX]     Texture Compression ETC2: Yes
[2026-06-03 01:25:50.735] [I] [RENDERX]     Texture Compression ASTC: Yes
[2026-06-03 01:25:50.735] [I] [RENDERX]     Fill Mode Non-Solid: Yes
[2026-06-03 01:25:50.735] [I] [RENDERX]     Wide Lines: Yes
[2026-06-03 01:25:50.735] [I] [RENDERX]     Large Points: Yes
[2026-06-03 01:25:50.735] [I] [RENDERX]   Limits:
[2026-06-03 01:25:50.735] [I] [RENDERX]     Max Image Dimension 2D: 16384
[2026-06-03 01:25:50.735] [I] [RENDERX]     Max Framebuffer Width: 16384
[2026-06-03 01:25:50.735] [I] [RENDERX]     Max Framebuffer Height: 16384
[2026-06-03 01:25:50.735] [I] [RENDERX]     Max Viewport Dimensions: 32768x32768
[2026-06-03 01:25:50.735] [I] [RENDERX]     Max Bound Descriptor Sets: 32
[2026-06-03 01:25:50.735] [I] [RENDERX]     Max Per-Stage Descriptor Samplers: 64
[2026-06-03 01:25:50.735] [I] [RENDERX]     Max Per-Stage Descriptor Uniform Buffers: 200
[2026-06-03 01:25:50.735] [I] [RENDERX]     Max Per-Stage Descriptor Storage Buffers: 200
[2026-06-03 01:25:50.735] [I] [RENDERX]     Max Per-Stage Descriptor Sampled Images: 200
[2026-06-03 01:25:50.735] [I] [RENDERX]     Max Compute Shared Memory Size: 32 KB
[2026-06-03 01:25:50.735] [I] [RENDERX]     Max Compute Work Group Invocations: 1024
[2026-06-03 01:25:50.735] [I] [RENDERX]     Timestamp Compute and Graphics: Yes
[2026-06-03 01:25:50.735] [I] [RENDERX]   Extensions (148 total):
[2026-06-03 01:25:50.735] [I] [RENDERX]     - VK_EXT_device_address_binding_report
[2026-06-03 01:25:50.735] [I] [RENDERX]     - VK_EXT_full_screen_exclusive
[2026-06-03 01:25:50.735] [I] [RENDERX]     - VK_KHR_swapchain
[2026-06-03 01:25:50.735] [I] [RENDERX]     - VK_KHR_external_memory
[2026-06-03 01:25:50.735] [I] [RENDERX]     - VK_KHR_external_memory_win32
[2026-06-03 01:25:50.735] [I] [RENDERX]     - VK_EXT_external_memory_host
[2026-06-03 01:25:50.735] [I] [RENDERX]     - VK_KHR_external_semaphore
[2026-06-03 01:25:50.735] [I] [RENDERX]     - VK_KHR_external_semaphore_win32
[2026-06-03 01:25:50.735] [I] [RENDERX]     - VK_KHR_external_fence
[2026-06-03 01:25:50.735] [I] [RENDERX]     - VK_KHR_external_fence_win32
[2026-06-03 01:25:50.735] [I] [RENDERX]     ... and 138 more
[2026-06-03 01:25:50.735] [I] [RENDERX]   Score: 29729

[2026-06-03 01:25:50.735] [I] [RENDERX] ------------------------------------------------------
[2026-06-03 01:25:50.735] [I] [RENDERX] Device [1]: NVIDIA GeForce RTX 3050 6GB Laptop GPU
[2026-06-03 01:25:50.735] [I] [RENDERX] ------------------------------------------------------
[2026-06-03 01:25:50.735] [I] [RENDERX]   Type: Discrete GPU
[2026-06-03 01:25:50.735] [I] [RENDERX]   Vendor: NVIDIA
[2026-06-03 01:25:50.735] [I] [RENDERX]   API Version: 1.4.329
[2026-06-03 01:25:50.735] [I] [RENDERX]   Driver Version: 2500608000
[2026-06-03 01:25:50.735] [I] [RENDERX]   VRAM: 6001 MB
[2026-06-03 01:25:50.735] [I] [RENDERX]   Queue Families:
[2026-06-03 01:25:50.736] [I] [RENDERX]     [0] Count: 16, Flags: Graphics Compute Transfer SparseBinding Present 
[2026-06-03 01:25:50.736] [I] [RENDERX]     [1] Count: 2, Flags: Transfer SparseBinding 
[2026-06-03 01:25:50.736] [I] [RENDERX]     [2] Count: 8, Flags: Compute Transfer SparseBinding Present 
[2026-06-03 01:25:50.736] [I] [RENDERX]     [3] Count: 1, Flags: Transfer SparseBinding 
[2026-06-03 01:25:50.736] [I] [RENDERX]     [4] Count: 1, Flags: Transfer SparseBinding 
[2026-06-03 01:25:50.736] [I] [RENDERX]     [5] Count: 1, Flags: Transfer SparseBinding 
[2026-06-03 01:25:50.736] [I] [RENDERX]   Features:
[2026-06-03 01:25:50.736] [I] [RENDERX]     Geometry Shader: Yes
[2026-06-03 01:25:50.736] [I] [RENDERX]     Tessellation Shader: Yes
[2026-06-03 01:25:50.736] [I] [RENDERX]     Multi-Viewport: Yes
[2026-06-03 01:25:50.736] [I] [RENDERX]     Sampler Anisotropy: Yes
[2026-06-03 01:25:50.736] [I] [RENDERX]     Texture Compression BC: Yes
[2026-06-03 01:25:50.736] [I] [RENDERX]     Texture Compression ETC2: No
[2026-06-03 01:25:50.736] [I] [RENDERX]     Texture Compression ASTC: No
[2026-06-03 01:25:50.736] [I] [RENDERX]     Fill Mode Non-Solid: Yes
[2026-06-03 01:25:50.736] [I] [RENDERX]     Wide Lines: Yes
[2026-06-03 01:25:50.736] [I] [RENDERX]     Large Points: Yes
[2026-06-03 01:25:50.736] [I] [RENDERX]   Limits:
[2026-06-03 01:25:50.736] [I] [RENDERX]     Max Image Dimension 2D: 32768
[2026-06-03 01:25:50.736] [I] [RENDERX]     Max Framebuffer Width: 32768
[2026-06-03 01:25:50.736] [I] [RENDERX]     Max Framebuffer Height: 32768
[2026-06-03 01:25:50.736] [I] [RENDERX]     Max Viewport Dimensions: 32768x32768
[2026-06-03 01:25:50.736] [I] [RENDERX]     Max Bound Descriptor Sets: 32
[2026-06-03 01:25:50.736] [I] [RENDERX]     Max Per-Stage Descriptor Samplers: 1048576
[2026-06-03 01:25:50.736] [I] [RENDERX]     Max Per-Stage Descriptor Uniform Buffers: 1048576
[2026-06-03 01:25:50.736] [I] [RENDERX]     Max Per-Stage Descriptor Storage Buffers: 1048576
[2026-06-03 01:25:50.736] [I] [RENDERX]     Max Per-Stage Descriptor Sampled Images: 1048576
[2026-06-03 01:25:50.736] [I] [RENDERX]     Max Compute Shared Memory Size: 48 KB
[2026-06-03 01:25:50.736] [I] [RENDERX]     Max Compute Work Group Invocations: 1024
[2026-06-03 01:25:50.736] [I] [RENDERX]     Timestamp Compute and Graphics: Yes
[2026-06-03 01:25:50.736] [I] [RENDERX]   Extensions (272 total):
[2026-06-03 01:25:50.736] [I] [RENDERX]     - VK_KHR_16bit_storage
[2026-06-03 01:25:50.736] [I] [RENDERX]     - VK_KHR_8bit_storage
[2026-06-03 01:25:50.736] [I] [RENDERX]     - VK_KHR_acceleration_structure
[2026-06-03 01:25:50.736] [I] [RENDERX]     - VK_KHR_bind_memory2
[2026-06-03 01:25:50.736] [I] [RENDERX]     - VK_KHR_buffer_device_address
[2026-06-03 01:25:50.736] [I] [RENDERX]     - VK_KHR_calibrated_timestamps
[2026-06-03 01:25:50.736] [I] [RENDERX]     - VK_KHR_compute_shader_derivatives
[2026-06-03 01:25:50.736] [I] [RENDERX]     - VK_KHR_cooperative_matrix
[2026-06-03 01:25:50.736] [I] [RENDERX]     - VK_KHR_copy_commands2
[2026-06-03 01:25:50.736] [I] [RENDERX]     - VK_KHR_copy_memory_indirect
[2026-06-03 01:25:50.736] [I] [RENDERX]     ... and 262 more
[2026-06-03 01:25:50.736] [I] [RENDERX]   Score: 49819

[2026-06-03 01:25:50.736] [I] [RENDERX] Auto-selecting device [1] (highest score)
[2026-06-03 01:25:50.736] [I] [RENDERX] Graphics Queue: Family 0
[2026-06-03 01:25:50.736] [I] [RENDERX] Compute Queue:  Family 2
[2026-06-03 01:25:50.736] [I] [RENDERX] Transfer Queue: Family 5
[2026-06-03 01:25:50.736] [I] [RENDERX] Present Queue: Family 2
[2026-06-03 01:25:50.787] [I] [RENDERX] Logical device created successfully
[2026-06-03 01:25:50.787] [I] [RENDERX] Queues retrieved successfully

[2026-06-03 01:25:51.006] [I] [RENDERX] RenderPass 'gbuffer' added
[2026-06-03 01:25:51.006] [I] [RENDERX] RenderPass 'lighting' added
[2026-06-03 01:25:51.006] [I] [RENDERX] RenderPasses sorted: 2 passes in order
[2026-06-03 